Welcome to the MySQL monitor.  Commands end with ; or \g.
Your MySQL connection id is 6
Server version: 5.1.61 Source distribution

Copyright (c) 2000, 2011, Oracle and/or its affiliates. All rights reserved.

Oracle is a registered trademark of Oracle Corporation and/or its
affiliates. Other names may be trademarks of their respective
owners.

Type 'help;' or '\h' for help. Type '\c' to clear the current input statement.

mysql> SELECT TABLE_NAME as 'Table', COLUMN_NAME as 'Column', CONSTRAINT_NAME as 'Name of Key'  FROM INFORMATION_SCHEMA.KEY_COLUMN_USAGE WHERE TABLE_SCHEMA='classicmodels';
+--------------+----------------+-------------+
| Table        | Column         | Name of Key |
+--------------+----------------+-------------+
| Customers    | customerNumber | PRIMARY     |
| Employees    | employeeNumber | PRIMARY     |
| Offices      | officeCode     | PRIMARY     |
| OrderDetails | orderNumber    | PRIMARY     |
| OrderDetails | productCode    | PRIMARY     |
| Orders       | orderNumber    | PRIMARY     |
| Payments     | customerNumber | PRIMARY     |
| Payments     | checkNumber    | PRIMARY     |
| ProductLines | productLine    | PRIMARY     |
| Products     | productCode    | PRIMARY     |
+--------------+----------------+-------------+
10 rows in set (0.04 sec)

mysql> exit
